Using pre-set license
Built from '2020.2/staging' branch; Version is '2020.2.3f1 (8ff31bc5bf5b) revision 9433883'; Using compiler version '192528614'; Build Type 'Release'
OS: 'Windows 10 Pro; OS build 19041.804; Version 2004; 64bit' Language: 'ko' Physical Memory: 16310 MB
BatchMode: 1, IsHumanControllingUs: 0, StartBugReporterOnCrash: 0, Is64bit: 1, IsPro: 0

 COMMAND LINE ARGUMENTS:
C:\Program Files\Unity\Hub\Editor\2020.2.3f1\Editor\Unity.exe
-adb2
-batchMode
-noUpm
-name
AssetImportWorker0
-projectPath
C:/Users/noric/Desktop/Work/Unity/ProjectTech
-logFile
Logs/AssetImportWorker0.log
-srvPort
1567
Successfully changed project path to: C:/Users/noric/Desktop/Work/Unity/ProjectTech
C:/Users/noric/Desktop/Work/Unity/ProjectTech
Using Asset Import Pipeline V2.
Refreshing native plugins compatible for Editor in 53.61 ms, found 0 plugins.
Preloading 0 native plugins for Editor in 0.00 ms.
Initialize engine version: 2020.2.3f1 (8ff31bc5bf5b)
[Subsystems] Discovering subsystems at path C:/Program Files/Unity/Hub/Editor/2020.2.3f1/Editor/Data/Resources/UnitySubsystems
[Subsystems] Discovering subsystems at path C:/Users/noric/Desktop/Work/Unity/ProjectTech/Assets
GfxDevice: creating device client; threaded=0
Direct3D:
    Version:  Direct3D 11.0 [level 11.1]
    Renderer: NVIDIA GeForce RTX 2070 (ID=0x1f02)
    Vendor:   
    VRAM:     8031 MB
    Driver:   27.21.14.5671
Initialize mono
Mono path[0] = 'C:/Program Files/Unity/Hub/Editor/2020.2.3f1/Editor/Data/Managed'
Mono path[1] = 'C:/Program Files/Unity/Hub/Editor/2020.2.3f1/Editor/Data/MonoBleedingEdge/lib/mono/unityjit'
Mono config path = 'C:/Program Files/Unity/Hub/Editor/2020.2.3f1/Editor/Data/MonoBleedingEdge/etc'
Using monoOptions --debugger-agent=transport=dt_socket,embedding=1,server=y,suspend=n,address=127.0.0.1:56096
Begin MonoManager ReloadAssembly
Registering precompiled unity dll's ...
Register platform support module: C:/Program Files/Unity/Hub/Editor/2020.2.3f1/Editor/Data/PlaybackEngines/WindowsStandaloneSupport/UnityEditor.WindowsStandalone.Extensions.dll
Registered in 0.002855 seconds.
Native extension for WindowsStandalone target not found
Refreshing native plugins compatible for Editor in 57.03 ms, found 0 plugins.
Preloading 0 native plugins for Editor in 0.00 ms.
Invoked RoslynAnalysisRunner static constructor.
RoslynAnalysisRunner will not be running.
RoslynAnalysisRunner has terminated.
Mono: successfully reloaded assembly
- Completed reload, in  2.266 seconds
Platform modules already initialized, skipping
Registering precompiled user dll's ...
Registered in 0.003145 seconds.
Begin MonoManager ReloadAssembly
Native extension for WindowsStandalone target not found
Refreshing native plugins compatible for Editor in 60.33 ms, found 0 plugins.
Preloading 0 native plugins for Editor in 0.00 ms.
Invoked RoslynAnalysisRunner static constructor.
RoslynAnalysisRunner will not be running.
RoslynAnalysisRunner has terminated.
Mono: successfully reloaded assembly
- Completed reload, in  1.937 seconds
Platform modules already initialized, skipping
========================================================================
Worker process is ready to serve import requests
Shader 'Universal Render Pipeline/Particles/Lit': fallback shader 'Universal Render Pipeline/Particles/SimpleLit' not found
Shader 'Universal Render Pipeline/Particles/Lit': fallback shader 'Universal Render Pipeline/Particles/SimpleLit' not found
Launched and connected shader compiler UnityShaderCompiler.exe after 0.07 seconds
Refreshing native plugins compatible for Editor in 0.79 ms, found 0 plugins.
Preloading 0 native plugins for Editor in 0.00 ms.
Unloading 2766 Unused Serialized files (Serialized files now loaded: 0)
System memory in use before: 132.8 MB.
System memory in use after: 130.6 MB.

Unloading 50 unused Assets to reduce memory usage. Loaded Objects now: 3175.
Total: 4.545400 ms (FindLiveObjects: 0.476800 ms CreateObjectMapping: 0.087900 ms MarkObjects: 2.395600 ms  DeleteObjects: 1.583300 ms)

========================================================================
Received Import Request.
  path: Assets/Scripts/Core/QuadTree.cs
  artifactKey: Guid(a37f1cc0c79f9964380fcf64a5c8964c) Importer(815301076,1909f56bfc062723c751e8b465ee728b)
Start importing Assets/Scripts/Core/QuadTree.cs using Guid(a37f1cc0c79f9964380fcf64a5c8964c) Importer(815301076,1909f56bfc062723c751e8b465ee728b)  -> (artifact id: '99d1e0b6f24fb3ab2327164f79ee6a39') in 0.031038 seconds
  Import took 0.035192 seconds .

========================================================================
Received Import Request.
  Time since last request: 5547.560741 seconds.
  path: Assets/TEXTBK.txt
  artifactKey: Guid(ccf580e6eeefc3d42adb5c4af5d876f1) Importer(815301076,1909f56bfc062723c751e8b465ee728b)
Start importing Assets/TEXTBK.txt using Guid(ccf580e6eeefc3d42adb5c4af5d876f1) Importer(815301076,1909f56bfc062723c751e8b465ee728b)  -> (artifact id: '9a62b10385776d0d83d143386a0b3c0a') in 0.020104 seconds
  Import took 0.024735 seconds .

========================================================================
Received Import Request.
  Time since last request: 0.001334 seconds.
  path: Assets/TEXTBK.txt
  artifactKey: Guid(ccf580e6eeefc3d42adb5c4af5d876f1) Importer(815301076,1909f56bfc062723c751e8b465ee728b)
Start importing Assets/TEXTBK.txt using Guid(ccf580e6eeefc3d42adb5c4af5d876f1) Importer(815301076,1909f56bfc062723c751e8b465ee728b)  -> (artifact id: '9a62b10385776d0d83d143386a0b3c0a') in 0.002289 seconds
  Import took 0.006546 seconds .

========================================================================
Received Import Request.
  Time since last request: 10.871184 seconds.
  path: Assets/Resources/TileImages
  artifactKey: Guid(b0f08cc6d85601c4a83c5cbbcc39d404) Importer(815301076,1909f56bfc062723c751e8b465ee728b)
Start importing Assets/Resources/TileImages using Guid(b0f08cc6d85601c4a83c5cbbcc39d404) Importer(815301076,1909f56bfc062723c751e8b465ee728b)  -> (artifact id: '4735438c505ca4f3111a12c0fd1cc52c') in 0.002605 seconds
  Import took 0.007098 seconds .

========================================================================
Received Import Request.
  Time since last request: 0.915120 seconds.
  path: Assets/Resources/TileImages/Test
  artifactKey: Guid(feebfb2d1c80c2443a65128eb39d466b) Importer(815301076,1909f56bfc062723c751e8b465ee728b)
Start importing Assets/Resources/TileImages/Test using Guid(feebfb2d1c80c2443a65128eb39d466b) Importer(815301076,1909f56bfc062723c751e8b465ee728b)  -> (artifact id: 'b26325403cfec9634768ec7bb92458b5') in 0.002267 seconds
  Import took 0.006346 seconds .

========================================================================
Received Import Request.
  Time since last request: 19.650764 seconds.
  path: Assets/Scripts/CustomTileMap
  artifactKey: Guid(9c7d3afe9df64f64f834cd057bd37212) Importer(815301076,1909f56bfc062723c751e8b465ee728b)
Start importing Assets/Scripts/CustomTileMap using Guid(9c7d3afe9df64f64f834cd057bd37212) Importer(815301076,1909f56bfc062723c751e8b465ee728b)  -> (artifact id: 'e063f2c77f0f5faee21a204849b209f6') in 0.002196 seconds
  Import took 0.006339 seconds .

========================================================================
Received Import Request.
  Time since last request: 0.901352 seconds.
  path: Assets/Scripts/CustomTileMap/Editor
  artifactKey: Guid(0d4a8a0fb1eb25d4d9c2542c8348fb15) Importer(815301076,1909f56bfc062723c751e8b465ee728b)
Start importing Assets/Scripts/CustomTileMap/Editor using Guid(0d4a8a0fb1eb25d4d9c2542c8348fb15) Importer(815301076,1909f56bfc062723c751e8b465ee728b)  -> (artifact id: '842613596dd9fab8ed0f0ddf4e44995b') in 0.002216 seconds
  Import took 0.006475 seconds .

========================================================================
Received Import Request.
  Time since last request: 1.208391 seconds.
  path: Assets/Scripts/CustomTileMap/Editor/CustomTileMapWindow.cs
  artifactKey: Guid(73cab24f9abbfd84e81b014a444694cd) Importer(815301076,1909f56bfc062723c751e8b465ee728b)
Start importing Assets/Scripts/CustomTileMap/Editor/CustomTileMapWindow.cs using Guid(73cab24f9abbfd84e81b014a444694cd) Importer(815301076,1909f56bfc062723c751e8b465ee728b)  -> (artifact id: '0640b3e3219da5a2b44ed8f23db0711e') in 0.002270 seconds
  Import took 0.006794 seconds .

========================================================================
Received Import Request.
  Time since last request: 41.285476 seconds.
  path: Assets/Scripts/Ingame/MoveObject.cs
  artifactKey: Guid(1856d3b133a74f742bf654c07272a589) Importer(815301076,1909f56bfc062723c751e8b465ee728b)
Start importing Assets/Scripts/Ingame/MoveObject.cs using Guid(1856d3b133a74f742bf654c07272a589) Importer(815301076,1909f56bfc062723c751e8b465ee728b)  -> (artifact id: 'e14b29010438c5762b677335216f9d1b') in 0.002606 seconds
  Import took 0.007062 seconds .

========================================================================
Received Prepare
Registering precompiled user dll's ...
Registered in 0.003598 seconds.
Begin MonoManager ReloadAssembly
Native extension for WindowsStandalone target not found
Refreshing native plugins compatible for Editor in 0.51 ms, found 0 plugins.
Preloading 0 native plugins for Editor in 0.00 ms.
Invoked RoslynAnalysisRunner static constructor.
RoslynAnalysisRunner will not be running.
RoslynAnalysisRunner has terminated.
Mono: successfully reloaded assembly
- Completed reload, in  1.016 seconds
Platform modules already initialized, skipping
Shader 'Universal Render Pipeline/Particles/Lit': fallback shader 'Universal Render Pipeline/Particles/SimpleLit' not found
Shader 'Universal Render Pipeline/Particles/Lit': fallback shader 'Universal Render Pipeline/Particles/SimpleLit' not found
Refreshing native plugins compatible for Editor in 0.63 ms, found 0 plugins.
Preloading 0 native plugins for Editor in 0.00 ms.
Unloading 2679 Unused Serialized files (Serialized files now loaded: 0)
System memory in use before: 128.7 MB.
System memory in use after: 126.5 MB.

Unloading 45 unused Assets to reduce memory usage. Loaded Objects now: 3178.
Total: 5.187400 ms (FindLiveObjects: 0.389900 ms CreateObjectMapping: 0.094300 ms MarkObjects: 2.978800 ms  DeleteObjects: 1.722400 ms)

========================================================================
Received Import Request.
  Time since last request: 8.406786 seconds.
  path: Assets/Scripts/Ingame/TileMap.cs
  artifactKey: Guid(fbb9212a73c95e243b3530e7a8d2c1c1) Importer(815301076,1909f56bfc062723c751e8b465ee728b)
Start importing Assets/Scripts/Ingame/TileMap.cs using Guid(fbb9212a73c95e243b3530e7a8d2c1c1) Importer(815301076,1909f56bfc062723c751e8b465ee728b)  -> (artifact id: '17c67a07b9dc8945ad55842285c8f3ae') in 0.006190 seconds
  Import took 0.011161 seconds .

========================================================================
Received Prepare
Registering precompiled user dll's ...
Registered in 0.003095 seconds.
Begin MonoManager ReloadAssembly
Native extension for WindowsStandalone target not found
Refreshing native plugins compatible for Editor in 0.49 ms, found 0 plugins.
Preloading 0 native plugins for Editor in 0.00 ms.
Invoked RoslynAnalysisRunner static constructor.
RoslynAnalysisRunner will not be running.
RoslynAnalysisRunner has terminated.
Mono: successfully reloaded assembly
- Completed reload, in  1.023 seconds
Platform modules already initialized, skipping
Shader 'Universal Render Pipeline/Particles/Lit': fallback shader 'Universal Render Pipeline/Particles/SimpleLit' not found
Shader 'Universal Render Pipeline/Particles/Lit': fallback shader 'Universal Render Pipeline/Particles/SimpleLit' not found
Refreshing native plugins compatible for Editor in 0.49 ms, found 0 plugins.
Preloading 0 native plugins for Editor in 0.00 ms.
Unloading 2680 Unused Serialized files (Serialized files now loaded: 0)
System memory in use before: 128.8 MB.
System memory in use after: 126.6 MB.

Unloading 45 unused Assets to reduce memory usage. Loaded Objects now: 3181.
Total: 3.749500 ms (FindLiveObjects: 0.303300 ms CreateObjectMapping: 0.066600 ms MarkObjects: 1.971000 ms  DeleteObjects: 1.407400 ms)

========================================================================
Received Import Request.
  Time since last request: 16.916833 seconds.
  path: Assets/Scripts/Core/IngameManager.cs
  artifactKey: Guid(2c0b578f824a98e44849bb0b09c9cbdb) Importer(815301076,1909f56bfc062723c751e8b465ee728b)
Start importing Assets/Scripts/Core/IngameManager.cs using Guid(2c0b578f824a98e44849bb0b09c9cbdb) Importer(815301076,1909f56bfc062723c751e8b465ee728b)  -> (artifact id: 'ff111a20f5ed4320fa349f1e04ca0d59') in 0.006837 seconds
  Import took 0.011929 seconds .

========================================================================
Received Prepare
Registering precompiled user dll's ...
Registered in 0.003505 seconds.
Begin MonoManager ReloadAssembly
Native extension for WindowsStandalone target not found
Refreshing native plugins compatible for Editor in 0.81 ms, found 0 plugins.
Preloading 0 native plugins for Editor in 0.00 ms.
Invoked RoslynAnalysisRunner static constructor.
RoslynAnalysisRunner will not be running.
RoslynAnalysisRunner has terminated.
Mono: successfully reloaded assembly
- Completed reload, in  1.022 seconds
Platform modules already initialized, skipping
Shader 'Universal Render Pipeline/Particles/Lit': fallback shader 'Universal Render Pipeline/Particles/SimpleLit' not found
Shader 'Universal Render Pipeline/Particles/Lit': fallback shader 'Universal Render Pipeline/Particles/SimpleLit' not found
Refreshing native plugins compatible for Editor in 0.74 ms, found 0 plugins.
Preloading 0 native plugins for Editor in 0.00 ms.
Unloading 2681 Unused Serialized files (Serialized files now loaded: 0)
System memory in use before: 128.9 MB.
System memory in use after: 126.7 MB.

Unloading 45 unused Assets to reduce memory usage. Loaded Objects now: 3184.
Total: 4.903200 ms (FindLiveObjects: 0.348500 ms CreateObjectMapping: 0.092800 ms MarkObjects: 3.006300 ms  DeleteObjects: 1.453900 ms)

========================================================================
Received Prepare
Registering precompiled user dll's ...
Registered in 0.004057 seconds.
Begin MonoManager ReloadAssembly
Native extension for WindowsStandalone target not found
Refreshing native plugins compatible for Editor in 0.50 ms, found 0 plugins.
Preloading 0 native plugins for Editor in 0.00 ms.
Invoked RoslynAnalysisRunner static constructor.
RoslynAnalysisRunner will not be running.
RoslynAnalysisRunner has terminated.
Mono: successfully reloaded assembly
- Completed reload, in  1.038 seconds
Platform modules already initialized, skipping
Shader 'Universal Render Pipeline/Particles/Lit': fallback shader 'Universal Render Pipeline/Particles/SimpleLit' not found
Shader 'Universal Render Pipeline/Particles/Lit': fallback shader 'Universal Render Pipeline/Particles/SimpleLit' not found
Refreshing native plugins compatible for Editor in 0.48 ms, found 0 plugins.
Preloading 0 native plugins for Editor in 0.00 ms.
Unloading 2681 Unused Serialized files (Serialized files now loaded: 0)
System memory in use before: 128.9 MB.
System memory in use after: 126.7 MB.

Unloading 45 unused Assets to reduce memory usage. Loaded Objects now: 3186.
Total: 3.823200 ms (FindLiveObjects: 0.354400 ms CreateObjectMapping: 0.070200 ms MarkObjects: 1.966600 ms  DeleteObjects: 1.430900 ms)

========================================================================
Received Import Request.
  Time since last request: 116.108438 seconds.
  path: Assets/Scripts/Core/IngameManager.cs
  artifactKey: Guid(2c0b578f824a98e44849bb0b09c9cbdb) Importer(815301076,1909f56bfc062723c751e8b465ee728b)
Start importing Assets/Scripts/Core/IngameManager.cs using Guid(2c0b578f824a98e44849bb0b09c9cbdb) Importer(815301076,1909f56bfc062723c751e8b465ee728b)  -> (artifact id: '6d820d125a4204cc4d39d736fc5c53a0') in 0.005448 seconds
  Import took 0.009406 seconds .

========================================================================
Received Import Request.
  Time since last request: 30.392245 seconds.
  path: Assets/Scripts/Core/MapController.cs
  artifactKey: Guid(345f57befdce5644c856f1db04a643d4) Importer(815301076,1909f56bfc062723c751e8b465ee728b)
Start importing Assets/Scripts/Core/MapController.cs using Guid(345f57befdce5644c856f1db04a643d4) Importer(815301076,1909f56bfc062723c751e8b465ee728b)  -> (artifact id: '09927d131dc29fdfb2c650cb02311767') in 0.002487 seconds
  Import took 0.007445 seconds .

========================================================================
Received Prepare
Registering precompiled user dll's ...
Registered in 0.002759 seconds.
Begin MonoManager ReloadAssembly
Native extension for WindowsStandalone target not found
Refreshing native plugins compatible for Editor in 0.53 ms, found 0 plugins.
Preloading 0 native plugins for Editor in 0.00 ms.
Invoked RoslynAnalysisRunner static constructor.
RoslynAnalysisRunner will not be running.
RoslynAnalysisRunner has terminated.
Mono: successfully reloaded assembly
- Completed reload, in  1.044 seconds
Platform modules already initialized, skipping
Shader 'Universal Render Pipeline/Particles/Lit': fallback shader 'Universal Render Pipeline/Particles/SimpleLit' not found
Shader 'Universal Render Pipeline/Particles/Lit': fallback shader 'Universal Render Pipeline/Particles/SimpleLit' not found
Refreshing native plugins compatible for Editor in 0.64 ms, found 0 plugins.
Preloading 0 native plugins for Editor in 0.00 ms.
Unloading 2682 Unused Serialized files (Serialized files now loaded: 0)
System memory in use before: 128.8 MB.
System memory in use after: 126.6 MB.

Unloading 45 unused Assets to reduce memory usage. Loaded Objects now: 3189.
Total: 4.130400 ms (FindLiveObjects: 0.334500 ms CreateObjectMapping: 0.069200 ms MarkObjects: 2.141800 ms  DeleteObjects: 1.583400 ms)

========================================================================
Received Import Request.
  Time since last request: 10.079814 seconds.
  path: Assets/Scripts/Core/TileBase.cs
  artifactKey: Guid(6ed03b7c81aa8414588908a6bebb07e1) Importer(815301076,1909f56bfc062723c751e8b465ee728b)
Start importing Assets/Scripts/Core/TileBase.cs using Guid(6ed03b7c81aa8414588908a6bebb07e1) Importer(815301076,1909f56bfc062723c751e8b465ee728b)  -> (artifact id: '8d6e6cb9c9c1358b8404efc855713d29') in 0.007223 seconds
  Import took 0.011741 seconds .

========================================================================
Received Prepare
Registering precompiled user dll's ...
Registered in 0.002815 seconds.
Begin MonoManager ReloadAssembly
Native extension for WindowsStandalone target not found
Refreshing native plugins compatible for Editor in 0.49 ms, found 0 plugins.
Preloading 0 native plugins for Editor in 0.00 ms.
Invoked RoslynAnalysisRunner static constructor.
RoslynAnalysisRunner will not be running.
RoslynAnalysisRunner has terminated.
Mono: successfully reloaded assembly
- Completed reload, in  1.026 seconds
Platform modules already initialized, skipping
Shader 'Universal Render Pipeline/Particles/Lit': fallback shader 'Universal Render Pipeline/Particles/SimpleLit' not found
Shader 'Universal Render Pipeline/Particles/Lit': fallback shader 'Universal Render Pipeline/Particles/SimpleLit' not found
Refreshing native plugins compatible for Editor in 0.54 ms, found 0 plugins.
Preloading 0 native plugins for Editor in 0.00 ms.
Unloading 2683 Unused Serialized files (Serialized files now loaded: 0)
System memory in use before: 129.0 MB.
System memory in use after: 126.7 MB.

Unloading 45 unused Assets to reduce memory usage. Loaded Objects now: 3192.
Total: 4.174400 ms (FindLiveObjects: 0.374900 ms CreateObjectMapping: 0.074500 ms MarkObjects: 2.218500 ms  DeleteObjects: 1.505700 ms)

========================================================================
Received Import Request.
  Time since last request: 5.075454 seconds.
  path: Assets/Scripts/Core/ResourceManager.cs
  artifactKey: Guid(0f20d61d886217a498a2ed4952813f27) Importer(815301076,1909f56bfc062723c751e8b465ee728b)
Start importing Assets/Scripts/Core/ResourceManager.cs using Guid(0f20d61d886217a498a2ed4952813f27) Importer(815301076,1909f56bfc062723c751e8b465ee728b)  -> (artifact id: '03f8668d3003c6f8d0f385fe7c217536') in 0.006123 seconds
  Import took 0.010312 seconds .

========================================================================
Received Import Request.
  Time since last request: 0.003689 seconds.
  path: Assets/Scripts/Core/ResourceManager.cs
  artifactKey: Guid(0f20d61d886217a498a2ed4952813f27) Importer(815301076,1909f56bfc062723c751e8b465ee728b)
Start importing Assets/Scripts/Core/ResourceManager.cs using Guid(0f20d61d886217a498a2ed4952813f27) Importer(815301076,1909f56bfc062723c751e8b465ee728b)  -> (artifact id: '03f8668d3003c6f8d0f385fe7c217536') in 0.002536 seconds
  Import took 0.006842 seconds .

========================================================================
Received Prepare
Registering precompiled user dll's ...
Registered in 0.002841 seconds.
Begin MonoManager ReloadAssembly
Native extension for WindowsStandalone target not found
Refreshing native plugins compatible for Editor in 0.49 ms, found 0 plugins.
Preloading 0 native plugins for Editor in 0.00 ms.
Invoked RoslynAnalysisRunner static constructor.
RoslynAnalysisRunner will not be running.
RoslynAnalysisRunner has terminated.
Mono: successfully reloaded assembly
- Completed reload, in  1.016 seconds
Platform modules already initialized, skipping
Shader 'Universal Render Pipeline/Particles/Lit': fallback shader 'Universal Render Pipeline/Particles/SimpleLit' not found
Shader 'Universal Render Pipeline/Particles/Lit': fallback shader 'Universal Render Pipeline/Particles/SimpleLit' not found
Refreshing native plugins compatible for Editor in 0.49 ms, found 0 plugins.
Preloading 0 native plugins for Editor in 0.00 ms.
Unloading 2683 Unused Serialized files (Serialized files now loaded: 0)
System memory in use before: 129.0 MB.
System memory in use after: 126.7 MB.

Unloading 45 unused Assets to reduce memory usage. Loaded Objects now: 3194.
Total: 3.745600 ms (FindLiveObjects: 0.281800 ms CreateObjectMapping: 0.063400 ms MarkObjects: 1.959400 ms  DeleteObjects: 1.439700 ms)

========================================================================
Received Prepare
Registering precompiled user dll's ...
Registered in 0.002793 seconds.
Begin MonoManager ReloadAssembly
Native extension for WindowsStandalone target not found
Refreshing native plugins compatible for Editor in 0.49 ms, found 0 plugins.
Preloading 0 native plugins for Editor in 0.00 ms.
Invoked RoslynAnalysisRunner static constructor.
RoslynAnalysisRunner will not be running.
RoslynAnalysisRunner has terminated.
Mono: successfully reloaded assembly
- Completed reload, in  1.032 seconds
Platform modules already initialized, skipping
Shader 'Universal Render Pipeline/Particles/Lit': fallback shader 'Universal Render Pipeline/Particles/SimpleLit' not found
Shader 'Universal Render Pipeline/Particles/Lit': fallback shader 'Universal Render Pipeline/Particles/SimpleLit' not found
Refreshing native plugins compatible for Editor in 0.51 ms, found 0 plugins.
Preloading 0 native plugins for Editor in 0.00 ms.
Unloading 2683 Unused Serialized files (Serialized files now loaded: 0)
System memory in use before: 129.0 MB.
System memory in use after: 126.8 MB.

Unloading 45 unused Assets to reduce memory usage. Loaded Objects now: 3196.
Total: 5.091200 ms (FindLiveObjects: 0.578500 ms CreateObjectMapping: 0.191900 ms MarkObjects: 2.782000 ms  DeleteObjects: 1.536800 ms)

========================================================================
Received Import Request.
  Time since last request: 48.675991 seconds.
  path: Assets/Scripts/Core/MapController.cs
  artifactKey: Guid(345f57befdce5644c856f1db04a643d4) Importer(815301076,1909f56bfc062723c751e8b465ee728b)
Start importing Assets/Scripts/Core/MapController.cs using Guid(345f57befdce5644c856f1db04a643d4) Importer(815301076,1909f56bfc062723c751e8b465ee728b)  -> (artifact id: 'e7d8c32eb72a44605a17075960bb52ff') in 0.006739 seconds
  Import took 0.011199 seconds .

========================================================================
Received Import Request.
  Time since last request: 0.327173 seconds.
  path: Assets/Scripts/Core/LoadOperation.cs
  artifactKey: Guid(8538187a304d519458f80d105a099e40) Importer(815301076,1909f56bfc062723c751e8b465ee728b)
Start importing Assets/Scripts/Core/LoadOperation.cs using Guid(8538187a304d519458f80d105a099e40) Importer(815301076,1909f56bfc062723c751e8b465ee728b)  -> (artifact id: 'a5c72deaf4c3ca1b9e48e3064a12f3e0') in 0.002136 seconds
  Import took 0.006316 seconds .

========================================================================
Received Import Request.
  Time since last request: 0.023011 seconds.
  path: Assets/Scripts/Core/LoadOperation.cs
  artifactKey: Guid(8538187a304d519458f80d105a099e40) Importer(815301076,1909f56bfc062723c751e8b465ee728b)
Start importing Assets/Scripts/Core/LoadOperation.cs using Guid(8538187a304d519458f80d105a099e40) Importer(815301076,1909f56bfc062723c751e8b465ee728b)  -> (artifact id: 'a5c72deaf4c3ca1b9e48e3064a12f3e0') in 0.002273 seconds
  Import took 0.006660 seconds .

========================================================================
Received Prepare
Registering precompiled user dll's ...
Registered in 0.003729 seconds.
Begin MonoManager ReloadAssembly
Native extension for WindowsStandalone target not found
Refreshing native plugins compatible for Editor in 0.50 ms, found 0 plugins.
Preloading 0 native plugins for Editor in 0.00 ms.
Invoked RoslynAnalysisRunner static constructor.
RoslynAnalysisRunner will not be running.
RoslynAnalysisRunner has terminated.
Mono: successfully reloaded assembly
- Completed reload, in  1.054 seconds
Platform modules already initialized, skipping
Shader 'Universal Render Pipeline/Particles/Lit': fallback shader 'Universal Render Pipeline/Particles/SimpleLit' not found
Shader 'Universal Render Pipeline/Particles/Lit': fallback shader 'Universal Render Pipeline/Particles/SimpleLit' not found
Refreshing native plugins compatible for Editor in 0.66 ms, found 0 plugins.
Preloading 0 native plugins for Editor in 0.00 ms.
Unloading 2683 Unused Serialized files (Serialized files now loaded: 0)
System memory in use before: 129.0 MB.
System memory in use after: 126.8 MB.

Unloading 45 unused Assets to reduce memory usage. Loaded Objects now: 3198.
Total: 5.590600 ms (FindLiveObjects: 0.406500 ms CreateObjectMapping: 0.070200 ms MarkObjects: 3.341500 ms  DeleteObjects: 1.770600 ms)

========================================================================
Received Prepare
Registering precompiled user dll's ...
Registered in 0.004122 seconds.
Begin MonoManager ReloadAssembly
Native extension for WindowsStandalone target not found
Refreshing native plugins compatible for Editor in 0.49 ms, found 0 plugins.
Preloading 0 native plugins for Editor in 0.00 ms.
Invoked RoslynAnalysisRunner static constructor.
RoslynAnalysisRunner will not be running.
RoslynAnalysisRunner has terminated.
Mono: successfully reloaded assembly
- Completed reload, in  1.029 seconds
Platform modules already initialized, skipping
Shader 'Universal Render Pipeline/Particles/Lit': fallback shader 'Universal Render Pipeline/Particles/SimpleLit' not found
Shader 'Universal Render Pipeline/Particles/Lit': fallback shader 'Universal Render Pipeline/Particles/SimpleLit' not found
Refreshing native plugins compatible for Editor in 0.49 ms, found 0 plugins.
Preloading 0 native plugins for Editor in 0.00 ms.
Unloading 2683 Unused Serialized files (Serialized files now loaded: 0)
System memory in use before: 129.0 MB.
System memory in use after: 126.8 MB.

Unloading 45 unused Assets to reduce memory usage. Loaded Objects now: 3200.
Total: 4.943200 ms (FindLiveObjects: 0.391100 ms CreateObjectMapping: 0.088900 ms MarkObjects: 2.516600 ms  DeleteObjects: 1.945500 ms)

========================================================================
Received Import Request.
  Time since last request: 40.443743 seconds.
  path: Assets/Scripts/Util/ObjectBase.cs
  artifactKey: Guid(0f2172f43ba0df44d926632463b3b8d0) Importer(815301076,1909f56bfc062723c751e8b465ee728b)
Start importing Assets/Scripts/Util/ObjectBase.cs using Guid(0f2172f43ba0df44d926632463b3b8d0) Importer(815301076,1909f56bfc062723c751e8b465ee728b)  -> (artifact id: '6d22a433c078da493986b04f3f60e059') in 0.007629 seconds
  Import took 0.012657 seconds .

========================================================================
Received Prepare
Registering precompiled user dll's ...
Registered in 0.002825 seconds.
Begin MonoManager ReloadAssembly
Native extension for WindowsStandalone target not found
Refreshing native plugins compatible for Editor in 0.48 ms, found 0 plugins.
Preloading 0 native plugins for Editor in 0.00 ms.
Invoked RoslynAnalysisRunner static constructor.
RoslynAnalysisRunner will not be running.
RoslynAnalysisRunner has terminated.
Mono: successfully reloaded assembly
- Completed reload, in  0.999 seconds
Platform modules already initialized, skipping
Shader 'Universal Render Pipeline/Particles/Lit': fallback shader 'Universal Render Pipeline/Particles/SimpleLit' not found
Shader 'Universal Render Pipeline/Particles/Lit': fallback shader 'Universal Render Pipeline/Particles/SimpleLit' not found
Refreshing native plugins compatible for Editor in 0.63 ms, found 0 plugins.
Preloading 0 native plugins for Editor in 0.00 ms.
Unloading 2684 Unused Serialized files (Serialized files now loaded: 0)
System memory in use before: 129.0 MB.
System memory in use after: 126.8 MB.

Unloading 45 unused Assets to reduce memory usage. Loaded Objects now: 3203.
Total: 3.980700 ms (FindLiveObjects: 0.325500 ms CreateObjectMapping: 0.067800 ms MarkObjects: 2.107200 ms  DeleteObjects: 1.479300 ms)

========================================================================
Received Prepare
Registering precompiled user dll's ...
Registered in 0.002991 seconds.
Begin MonoManager ReloadAssembly
Native extension for WindowsStandalone target not found
Refreshing native plugins compatible for Editor in 0.76 ms, found 0 plugins.
Preloading 0 native plugins for Editor in 0.00 ms.
Invoked RoslynAnalysisRunner static constructor.
RoslynAnalysisRunner will not be running.
RoslynAnalysisRunner has terminated.
Mono: successfully reloaded assembly
- Completed reload, in  1.020 seconds
Platform modules already initialized, skipping
Shader 'Universal Render Pipeline/Particles/Lit': fallback shader 'Universal Render Pipeline/Particles/SimpleLit' not found
Shader 'Universal Render Pipeline/Particles/Lit': fallback shader 'Universal Render Pipeline/Particles/SimpleLit' not found
Refreshing native plugins compatible for Editor in 0.48 ms, found 0 plugins.
Preloading 0 native plugins for Editor in 0.00 ms.
Unloading 2684 Unused Serialized files (Serialized files now loaded: 0)
System memory in use before: 129.0 MB.
System memory in use after: 126.8 MB.

Unloading 45 unused Assets to reduce memory usage. Loaded Objects now: 3205.
Total: 3.918200 ms (FindLiveObjects: 0.322100 ms CreateObjectMapping: 0.067200 ms MarkObjects: 2.027600 ms  DeleteObjects: 1.500300 ms)

========================================================================
Received Import Request.
  Time since last request: 134.737775 seconds.
  path: Assets/Scripts/Util/ObjectBase.cs
  artifactKey: Guid(0f2172f43ba0df44d926632463b3b8d0) Importer(815301076,1909f56bfc062723c751e8b465ee728b)
Start importing Assets/Scripts/Util/ObjectBase.cs using Guid(0f2172f43ba0df44d926632463b3b8d0) Importer(815301076,1909f56bfc062723c751e8b465ee728b)  -> (artifact id: '878eac4d321c2310efdeae352c4ee00f') in 0.006595 seconds
  Import took 0.011819 seconds .

========================================================================
Received Import Request.
  Time since last request: 68.774036 seconds.
  path: Assets/TextMesh Pro/Examples & Extras/Resources/Fonts & Materials/Anton SDF - Drop Shadow.mat
  artifactKey: Guid(749b9069dc4742c5bfa5c74644049926) Importer(815301076,1909f56bfc062723c751e8b465ee728b)
Start importing Assets/TextMesh Pro/Examples & Extras/Resources/Fonts & Materials/Anton SDF - Drop Shadow.mat using Guid(749b9069dc4742c5bfa5c74644049926) Importer(815301076,1909f56bfc062723c751e8b465ee728b)  -> (artifact id: '1224a0e41867acbdf855401c05af79b5') in 0.261858 seconds
  Import took 0.266246 seconds .

========================================================================
Received Import Request.
  Time since last request: 0.000224 seconds.
  path: Assets/TextMesh Pro/Examples & Extras/Materials/Small Crate_diffuse.mat
  artifactKey: Guid(22262639920f43d6be32430e4e58350d) Importer(815301076,1909f56bfc062723c751e8b465ee728b)
Start importing Assets/TextMesh Pro/Examples & Extras/Materials/Small Crate_diffuse.mat using Guid(22262639920f43d6be32430e4e58350d) Importer(815301076,1909f56bfc062723c751e8b465ee728b)  -> (artifact id: '0ec1e565b7e39d88c1e87efe9b3e7887') in 0.044811 seconds
  Import took 0.048857 seconds .

========================================================================
Received Import Request.
  Time since last request: 0.000232 seconds.
  path: Assets/TextMesh Pro/Examples & Extras/Resources/Fonts & Materials/Anton SDF.asset
  artifactKey: Guid(8a89fa14b10d46a99122fd4f73fca9a2) Importer(815301076,1909f56bfc062723c751e8b465ee728b)
Start importing Assets/TextMesh Pro/Examples & Extras/Resources/Fonts & Materials/Anton SDF.asset using Guid(8a89fa14b10d46a99122fd4f73fca9a2) Importer(815301076,1909f56bfc062723c751e8b465ee728b)  -> (artifact id: '535ebeade105252123155f8ca4e6e3b0') in 0.036809 seconds
  Import took 0.040699 seconds .

========================================================================
Received Import Request.
  Time since last request: 0.000241 seconds.
  path: Assets/TextMesh Pro/Examples & Extras/Resources/Fonts & Materials/Electronic Highway Sign SDF.asset
  artifactKey: Guid(dc36b3fdc14f47ebb36fd484a67e268a) Importer(815301076,1909f56bfc062723c751e8b465ee728b)
Start importing Assets/TextMesh Pro/Examples & Extras/Resources/Fonts & Materials/Electronic Highway Sign SDF.asset using Guid(dc36b3fdc14f47ebb36fd484a67e268a) Importer(815301076,1909f56bfc062723c751e8b465ee728b)  -> (artifact id: 'ed233bc5c98df4a85f2970c47a44da42') in 0.012678 seconds
  Import took 0.016567 seconds .

========================================================================
Received Import Request.
  Time since last request: 0.000240 seconds.
  path: Assets/TextMesh Pro/Resources/Fonts & Materials/LiberationSans SDF - Outline.mat
  artifactKey: Guid(79459efec17a4d00a321bdcc27bbc385) Importer(815301076,1909f56bfc062723c751e8b465ee728b)
Start importing Assets/TextMesh Pro/Resources/Fonts & Materials/LiberationSans SDF - Outline.mat using Guid(79459efec17a4d00a321bdcc27bbc385) Importer(815301076,1909f56bfc062723c751e8b465ee728b)  -> (artifact id: '8ec76a905004310b842114fee9db6505') in 0.070106 seconds
  Import took 0.074425 seconds .

========================================================================
Received Import Request.
  Time since last request: 0.000277 seconds.
  path: Assets/TextMesh Pro/Examples & Extras/Resources/Fonts & Materials/LiberationSans SDF - Overlay.mat
  artifactKey: Guid(9ad269c99dcf42b7aedefd83dd5a7b9d) Importer(815301076,1909f56bfc062723c751e8b465ee728b)
Start importing Assets/TextMesh Pro/Examples & Extras/Resources/Fonts & Materials/LiberationSans SDF - Overlay.mat using Guid(9ad269c99dcf42b7aedefd83dd5a7b9d) Importer(815301076,1909f56bfc062723c751e8b465ee728b)  -> (artifact id: 'f0db5d9bd6bad434df9bc3eccd6111df') in 0.024308 seconds
  Import took 0.028723 seconds .

========================================================================
Received Import Request.
  Time since last request: 0.000297 seconds.
  path: Assets/TextMesh Pro/Examples & Extras/Fonts/Oswald-Bold.ttf
  artifactKey: Guid(c9f6d0e7bc8541498c9a4799ba184ede) Importer(815301076,1909f56bfc062723c751e8b465ee728b)
Start importing Assets/TextMesh Pro/Examples & Extras/Fonts/Oswald-Bold.ttf using Guid(c9f6d0e7bc8541498c9a4799ba184ede) Importer(815301076,1909f56bfc062723c751e8b465ee728b)  -> (artifact id: '1e0250477af787059e00ea90668d41c5') in 0.018245 seconds
  Import took 0.022916 seconds .

========================================================================
Received Import Request.
  Time since last request: 0.000225 seconds.
  path: Assets/TextMesh Pro/Examples & Extras/Fonts/Roboto-Bold.ttf
  artifactKey: Guid(4beb055f07aaff244873dec698d0363e) Importer(815301076,1909f56bfc062723c751e8b465ee728b)
Start importing Assets/TextMesh Pro/Examples & Extras/Fonts/Roboto-Bold.ttf using Guid(4beb055f07aaff244873dec698d0363e) Importer(815301076,1909f56bfc062723c751e8b465ee728b)  -> (artifact id: 'd9dd93d3730bd0a0537a5259fa90f4f7') in 0.010608 seconds
  Import took 0.014847 seconds .

========================================================================
Received Import Request.
  Time since last request: 0.000234 seconds.
  path: Assets/TextMesh Pro/Examples & Extras/Resources/Fonts & Materials/Roboto-Bold SDF - Drop Shadow.mat
  artifactKey: Guid(b246c4190f4e46ec9352fe15a7b09ce0) Importer(815301076,1909f56bfc062723c751e8b465ee728b)
Start importing Assets/TextMesh Pro/Examples & Extras/Resources/Fonts & Materials/Roboto-Bold SDF - Drop Shadow.mat using Guid(b246c4190f4e46ec9352fe15a7b09ce0) Importer(815301076,1909f56bfc062723c751e8b465ee728b)  -> (artifact id: 'b32c13edc66747bda075eec1b24f1151') in 0.008207 seconds
  Import took 0.012826 seconds .

========================================================================
Received Import Request.
  Time since last request: 0.000292 seconds.
  path: Assets/TextMesh Pro/Examples & Extras/Resources/Fonts & Materials/Bangers SDF - Outline.mat
  artifactKey: Guid(f629c6e43dba4bf38cb74d8860150664) Importer(815301076,1909f56bfc062723c751e8b465ee728b)
Start importing Assets/TextMesh Pro/Examples & Extras/Resources/Fonts & Materials/Bangers SDF - Outline.mat using Guid(f629c6e43dba4bf38cb74d8860150664) Importer(815301076,1909f56bfc062723c751e8b465ee728b)  -> (artifact id: '6462cb344ece1ac4196a89b4cddac5c4') in 0.008272 seconds
  Import took 0.012937 seconds .

========================================================================
Received Import Request.
  Time since last request: 0.000232 seconds.
  path: Assets/TextMesh Pro/Examples & Extras/Resources/Fonts & Materials/Anton SDF - Sunny Days.mat
  artifactKey: Guid(6522f30e342599e4e9dd4cc2cc03c830) Importer(815301076,1909f56bfc062723c751e8b465ee728b)
Start importing Assets/TextMesh Pro/Examples & Extras/Resources/Fonts & Materials/Anton SDF - Sunny Days.mat using Guid(6522f30e342599e4e9dd4cc2cc03c830) Importer(815301076,1909f56bfc062723c751e8b465ee728b)  -> (artifact id: '899173414bdf655ea6c5dc14beaff4d1') in 0.102285 seconds
  Import took 0.106799 seconds .

========================================================================
Received Import Request.
  Time since last request: 0.000231 seconds.
  path: Assets/TextMesh Pro/Examples & Extras/Resources/Fonts & Materials/Bangers SDF.asset
  artifactKey: Guid(125cb55b44b24c4393181402bc6200e6) Importer(815301076,1909f56bfc062723c751e8b465ee728b)
Start importing Assets/TextMesh Pro/Examples & Extras/Resources/Fonts & Materials/Bangers SDF.asset using Guid(125cb55b44b24c4393181402bc6200e6) Importer(815301076,1909f56bfc062723c751e8b465ee728b)  -> (artifact id: 'a8e0a2aed3c79b28fa25619cb946bd49') in 0.013919 seconds
  Import took 0.018027 seconds .

========================================================================
Received Import Request.
  Time since last request: 0.000216 seconds.
  path: Assets/TextMesh Pro/Resources/Fonts & Materials/LiberationSans SDF - Fallback.asset
  artifactKey: Guid(2e498d1c8094910479dc3e1b768306a4) Importer(815301076,1909f56bfc062723c751e8b465ee728b)
Start importing Assets/TextMesh Pro/Resources/Fonts & Materials/LiberationSans SDF - Fallback.asset using Guid(2e498d1c8094910479dc3e1b768306a4) Importer(815301076,1909f56bfc062723c751e8b465ee728b)  -> (artifact id: '22225140a4af5bfbabc0f56aea090188') in 0.012318 seconds
  Import took 0.016493 seconds .

========================================================================
Received Import Request.
  Time since last request: 0.000325 seconds.
  path: Assets/TextMesh Pro/Examples & Extras/Materials/Crate - Surface Shader Scene.mat
  artifactKey: Guid(e6b9b44320f4448d9d5e0ee634259966) Importer(815301076,1909f56bfc062723c751e8b465ee728b)
Start importing Assets/TextMesh Pro/Examples & Extras/Materials/Crate - Surface Shader Scene.mat using Guid(e6b9b44320f4448d9d5e0ee634259966) Importer(815301076,1909f56bfc062723c751e8b465ee728b)  -> (artifact id: 'b1a6090ffac5d71f73221b6152936519') in 0.018831 seconds
  Import took 0.023200 seconds .

========================================================================
Received Import Request.
  Time since last request: 0.000263 seconds.
  path: Assets/TextMesh Pro/Examples & Extras/Resources/Fonts & Materials/Bangers SDF - Drop Shadow.mat
  artifactKey: Guid(f2dcf029949142e28b974630369c8b4e) Importer(815301076,1909f56bfc062723c751e8b465ee728b)
Start importing Assets/TextMesh Pro/Examples & Extras/Resources/Fonts & Materials/Bangers SDF - Drop Shadow.mat using Guid(f2dcf029949142e28b974630369c8b4e) Importer(815301076,1909f56bfc062723c751e8b465ee728b)  -> (artifact id: 'e03a29b45e28b7da0cbaf103b913bf8a') in 0.008672 seconds
  Import took 0.013003 seconds .

========================================================================
Received Import Request.
  Time since last request: 0.000284 seconds.
  path: Assets/TextMesh Pro/Examples & Extras/Fonts/Electronic Highway Sign.TTF
  artifactKey: Guid(8a2b9e2a607dd2143b58c44bc32410b4) Importer(815301076,1909f56bfc062723c751e8b465ee728b)
Start importing Assets/TextMesh Pro/Examples & Extras/Fonts/Electronic Highway Sign.TTF using Guid(8a2b9e2a607dd2143b58c44bc32410b4) Importer(815301076,1909f56bfc062723c751e8b465ee728b)  -> (artifact id: '0814566c3ac1fe39bb3d1a174d811e74') in 0.012496 seconds
  Import took 0.017098 seconds .

========================================================================
Received Import Request.
  Time since last request: 0.000267 seconds.
  path: Assets/TextMesh Pro/Fonts/LiberationSans.ttf
  artifactKey: Guid(e3265ab4bf004d28a9537516768c1c75) Importer(815301076,1909f56bfc062723c751e8b465ee728b)
Start importing Assets/TextMesh Pro/Fonts/LiberationSans.ttf using Guid(e3265ab4bf004d28a9537516768c1c75) Importer(815301076,1909f56bfc062723c751e8b465ee728b)  -> (artifact id: 'fe92b82ec5306af081915a33cd5b71c4') in 0.010471 seconds
  Import took 0.014884 seconds .

========================================================================
Received Import Request.
  Time since last request: 0.000282 seconds.
  path: Assets/TextMesh Pro/Resources/Fonts & Materials/LiberationSans SDF - Drop Shadow.mat
  artifactKey: Guid(e73a58f6e2794ae7b1b7e50b7fb811b0) Importer(815301076,1909f56bfc062723c751e8b465ee728b)
Start importing Assets/TextMesh Pro/Resources/Fonts & Materials/LiberationSans SDF - Drop Shadow.mat using Guid(e73a58f6e2794ae7b1b7e50b7fb811b0) Importer(815301076,1909f56bfc062723c751e8b465ee728b)  -> (artifact id: 'f1d0d49a780a215280da999bc084aaf4') in 0.024812 seconds
  Import took 0.029233 seconds .

========================================================================
Received Import Request.
  Time since last request: 0.000258 seconds.
  path: Assets/Materials/Skybox_Mat.mat
  artifactKey: Guid(0ffaa0b7117ba8c47a9d05ae701d4b4d) Importer(815301076,1909f56bfc062723c751e8b465ee728b)
Start importing Assets/Materials/Skybox_Mat.mat using Guid(0ffaa0b7117ba8c47a9d05ae701d4b4d) Importer(815301076,1909f56bfc062723c751e8b465ee728b)  -> (artifact id: 'fe4abf6bde8941269e733108c223f6e6') in 0.009873 seconds
  Import took 0.013995 seconds .

========================================================================
Received Import Request.
  Time since last request: 0.000214 seconds.
  path: Assets/TextMesh Pro/Examples & Extras/Resources/Fonts & Materials/Bangers SDF Glow.mat
  artifactKey: Guid(d75b8f41e959450c84ac6e967084d3e1) Importer(815301076,1909f56bfc062723c751e8b465ee728b)
Start importing Assets/TextMesh Pro/Examples & Extras/Resources/Fonts & Materials/Bangers SDF Glow.mat using Guid(d75b8f41e959450c84ac6e967084d3e1) Importer(815301076,1909f56bfc062723c751e8b465ee728b)  -> (artifact id: '633c96e06c5b94951ff7db0ba1faa2ae') in 0.072403 seconds
  Import took 0.076582 seconds .

========================================================================
Received Import Request.
  Time since last request: 0.000216 seconds.
  path: Assets/TextMesh Pro/Examples & Extras/Materials/Ground - Surface Shader Scene.mat
  artifactKey: Guid(aadd5a709a48466c887296bb5b1b8110) Importer(815301076,1909f56bfc062723c751e8b465ee728b)
Start importing Assets/TextMesh Pro/Examples & Extras/Materials/Ground - Surface Shader Scene.mat using Guid(aadd5a709a48466c887296bb5b1b8110) Importer(815301076,1909f56bfc062723c751e8b465ee728b)  -> (artifact id: '4a5146b09c1243f86acbcd3e22bdf439') in 0.009562 seconds
  Import took 0.013598 seconds .

========================================================================
Received Import Request.
  Time since last request: 0.000229 seconds.
  path: Assets/TextMesh Pro/Examples & Extras/Resources/Fonts & Materials/Anton SDF - Outline.mat
  artifactKey: Guid(a00013af81304728b2be1f4309ee2433) Importer(815301076,1909f56bfc062723c751e8b465ee728b)
Start importing Assets/TextMesh Pro/Examples & Extras/Resources/Fonts & Materials/Anton SDF - Outline.mat using Guid(a00013af81304728b2be1f4309ee2433) Importer(815301076,1909f56bfc062723c751e8b465ee728b)  -> (artifact id: 'db00bc46d3eae33b5452311263b2e0ed') in 0.008991 seconds
  Import took 0.012666 seconds .

========================================================================
Received Import Request.
  Time since last request: 0.000230 seconds.
  path: Assets/TextMesh Pro/Examples & Extras/Resources/Fonts & Materials/Roboto-Bold SDF.asset
  artifactKey: Guid(5302535af1044152a457ed104f1f4b91) Importer(815301076,1909f56bfc062723c751e8b465ee728b)
Start importing Assets/TextMesh Pro/Examples & Extras/Resources/Fonts & Materials/Roboto-Bold SDF.asset using Guid(5302535af1044152a457ed104f1f4b91) Importer(815301076,1909f56bfc062723c751e8b465ee728b)  -> (artifact id: '17396dead1dd985d2e184653dd734d32') in 0.011070 seconds
  Import took 0.015696 seconds .

========================================================================
Received Import Request.
  Time since last request: 0.000263 seconds.
  path: Assets/TextMesh Pro/Examples & Extras/Fonts/Bangers.ttf
  artifactKey: Guid(5dd49b3eacc540408c98eee0de38e0f1) Importer(815301076,1909f56bfc062723c751e8b465ee728b)
Start importing Assets/TextMesh Pro/Examples & Extras/Fonts/Bangers.ttf using Guid(5dd49b3eacc540408c98eee0de38e0f1) Importer(815301076,1909f56bfc062723c751e8b465ee728b)  -> (artifact id: '7c1d285c9d2fae1da30f0397a129ff4e') in 0.009111 seconds
  Import took 0.013828 seconds .

========================================================================
Received Import Request.
  Time since last request: 0.000279 seconds.
  path: Assets/TextMesh Pro/Resources/Fonts & Materials/LiberationSans SDF.asset
  artifactKey: Guid(8f586378b4e144a9851e7b34d9b748ee) Importer(815301076,1909f56bfc062723c751e8b465ee728b)
Start importing Assets/TextMesh Pro/Resources/Fonts & Materials/LiberationSans SDF.asset using Guid(8f586378b4e144a9851e7b34d9b748ee) Importer(815301076,1909f56bfc062723c751e8b465ee728b)  -> (artifact id: 'e1a9403c331b3a85d403b2a7f844b776') in 0.033944 seconds
  Import took 0.038304 seconds .

========================================================================
Received Import Request.
  Time since last request: 0.000264 seconds.
  path: Assets/TextMesh Pro/Examples & Extras/Resources/Fonts & Materials/Bangers SDF Logo.mat
  artifactKey: Guid(f4e195ac1e204eff960149d1cb34e18c) Importer(815301076,1909f56bfc062723c751e8b465ee728b)
Start importing Assets/TextMesh Pro/Examples & Extras/Resources/Fonts & Materials/Bangers SDF Logo.mat using Guid(f4e195ac1e204eff960149d1cb34e18c) Importer(815301076,1909f56bfc062723c751e8b465ee728b)  -> (artifact id: 'ab46c3274d47e1a68aa92821feb2668f') in 0.011149 seconds
  Import took 0.015400 seconds .

========================================================================
Received Import Request.
  Time since last request: 0.000253 seconds.
  path: Assets/TextMesh Pro/Examples & Extras/Materials/Ground - Logo Scene.mat
  artifactKey: Guid(c719e38f25a9480abd2480ab621a2949) Importer(815301076,1909f56bfc062723c751e8b465ee728b)
Start importing Assets/TextMesh Pro/Examples & Extras/Materials/Ground - Logo Scene.mat using Guid(c719e38f25a9480abd2480ab621a2949) Importer(815301076,1909f56bfc062723c751e8b465ee728b)  -> (artifact id: '6303d3ec33a24b2e1ccd1cb7f35fe411') in 0.009432 seconds
  Import took 0.013200 seconds .

========================================================================
Received Import Request.
  Time since last request: 0.000227 seconds.
  path: Assets/TextMesh Pro/Examples & Extras/Resources/Fonts & Materials/Oswald Bold SDF.asset
  artifactKey: Guid(0161d805a3764c089bef00bfe00793f5) Importer(815301076,1909f56bfc062723c751e8b465ee728b)
Start importing Assets/TextMesh Pro/Examples & Extras/Resources/Fonts & Materials/Oswald Bold SDF.asset using Guid(0161d805a3764c089bef00bfe00793f5) Importer(815301076,1909f56bfc062723c751e8b465ee728b)  -> (artifact id: 'cdeab304468e25bcb785dedf82186198') in 0.011586 seconds
  Import took 0.016008 seconds .

========================================================================
Received Import Request.
  Time since last request: 0.000247 seconds.
  path: Assets/TextMesh Pro/Examples & Extras/Resources/Fonts & Materials/LiberationSans SDF - Metalic Green.mat
  artifactKey: Guid(8b29aaa3eec7468097ff07adfcf29ac9) Importer(815301076,1909f56bfc062723c751e8b465ee728b)
Start importing Assets/TextMesh Pro/Examples & Extras/Resources/Fonts & Materials/LiberationSans SDF - Metalic Green.mat using Guid(8b29aaa3eec7468097ff07adfcf29ac9) Importer(815301076,1909f56bfc062723c751e8b465ee728b)  -> (artifact id: '8feb2de52fdcb5e7dda4eed7ac1f3ad6') in 0.114714 seconds
  Import took 0.119133 seconds .

========================================================================
Received Import Request.
  Time since last request: 0.000214 seconds.
  path: Assets/TextMesh Pro/Examples & Extras/Resources/Fonts & Materials/Roboto-Bold SDF - Surface.mat
  artifactKey: Guid(e6b276ec991f467aa14ef1f3cc665993) Importer(815301076,1909f56bfc062723c751e8b465ee728b)
Start importing Assets/TextMesh Pro/Examples & Extras/Resources/Fonts & Materials/Roboto-Bold SDF - Surface.mat using Guid(e6b276ec991f467aa14ef1f3cc665993) Importer(815301076,1909f56bfc062723c751e8b465ee728b)  -> (artifact id: '4c254e9f72a8dafda3d948d47a6ffbe8') in 0.011438 seconds
  Import took 0.015703 seconds .

========================================================================
Received Import Request.
  Time since last request: 0.000338 seconds.
  path: Assets/TextMesh Pro/Examples & Extras/Fonts/Anton.ttf
  artifactKey: Guid(997a43b767814dd0a7642ec9b78cba41) Importer(815301076,1909f56bfc062723c751e8b465ee728b)
Start importing Assets/TextMesh Pro/Examples & Extras/Fonts/Anton.ttf using Guid(997a43b767814dd0a7642ec9b78cba41) Importer(815301076,1909f56bfc062723c751e8b465ee728b)  -> (artifact id: 'c85da0095d0aeee60e8c5169a93b9d95') in 0.011176 seconds
  Import took 0.015480 seconds .

========================================================================
Received Import Request.
  Time since last request: 0.000230 seconds.
  path: Assets/TextMesh Pro/Examples & Extras/Resources/Fonts & Materials/LiberationSans SDF - Soft Mask.mat
  artifactKey: Guid(42df1c7856584b6b8db9a509b6b10074) Importer(815301076,1909f56bfc062723c751e8b465ee728b)
Start importing Assets/TextMesh Pro/Examples & Extras/Resources/Fonts & Materials/LiberationSans SDF - Soft Mask.mat using Guid(42df1c7856584b6b8db9a509b6b10074) Importer(815301076,1909f56bfc062723c751e8b465ee728b)  -> (artifact id: 'c4d6af7bba9799387c15d6bc2d1cd66f') in 0.025622 seconds
  Import took 0.029980 seconds .

========================================================================
Received Import Request.
  Time since last request: 3844.416239 seconds.
  path: Assets/Scripts/Util/Utilities.cs
  artifactKey: Guid(cba4552698cb58540a11444b38712b7d) Importer(815301076,1909f56bfc062723c751e8b465ee728b)
Start importing Assets/Scripts/Util/Utilities.cs using Guid(cba4552698cb58540a11444b38712b7d) Importer(815301076,1909f56bfc062723c751e8b465ee728b)  -> (artifact id: '0833f08adfd2b67ecb74399996cdb9fe') in 0.002415 seconds
  Import took 0.007645 seconds .

========================================================================
Received Import Request.
  Time since last request: 794.988454 seconds.
  path: Assets/Scripts/Data
  artifactKey: Guid(416f686f257d99f48a7dbc4135213c0f) Importer(815301076,1909f56bfc062723c751e8b465ee728b)
Start importing Assets/Scripts/Data using Guid(416f686f257d99f48a7dbc4135213c0f) Importer(815301076,1909f56bfc062723c751e8b465ee728b)  -> (artifact id: 'a67dd0a9b5e98b9e01f5255e16244d0c') in 0.002156 seconds
  Import took 0.006504 seconds .

========================================================================
Received Import Request.
  Time since last request: 9.984163 seconds.
  path: Assets/Scripts/Data/CameraData.cs
  artifactKey: Guid(8f36f560ca2413040b7d4d898f3d710d) Importer(815301076,1909f56bfc062723c751e8b465ee728b)
Start importing Assets/Scripts/Data/CameraData.cs using Guid(8f36f560ca2413040b7d4d898f3d710d) Importer(815301076,1909f56bfc062723c751e8b465ee728b)  -> (artifact id: '878e6fe5d250e30a05bccd05405ba7cb') in 0.002577 seconds
  Import took 0.007632 seconds .

========================================================================
Received Prepare
Registering precompiled user dll's ...
Registered in 0.002857 seconds.
Begin MonoManager ReloadAssembly
Native extension for WindowsStandalone target not found
Refreshing native plugins compatible for Editor in 0.48 ms, found 0 plugins.
Preloading 0 native plugins for Editor in 0.00 ms.
Invoked RoslynAnalysisRunner static constructor.
RoslynAnalysisRunner will not be running.
RoslynAnalysisRunner has terminated.
Mono: successfully reloaded assembly
- Completed reload, in  1.042 seconds
Platform modules already initialized, skipping
Shader 'Universal Render Pipeline/Particles/Lit': fallback shader 'Universal Render Pipeline/Particles/SimpleLit' not found
Shader 'Universal Render Pipeline/Particles/Lit': fallback shader 'Universal Render Pipeline/Particles/SimpleLit' not found
Refreshing native plugins compatible for Editor in 0.49 ms, found 0 plugins.
Preloading 0 native plugins for Editor in 0.00 ms.
Unloading 2685 Unused Serialized files (Serialized files now loaded: 0)
System memory in use before: 135.9 MB.
System memory in use after: 133.7 MB.

Unloading 45 unused Assets to reduce memory usage. Loaded Objects now: 3293.
Total: 4.765800 ms (FindLiveObjects: 0.345500 ms CreateObjectMapping: 0.071800 ms MarkObjects: 3.003000 ms  DeleteObjects: 1.344300 ms)

========================================================================
Received Import Request.
  Time since last request: 341.371322 seconds.
  path: Assets/Scripts/Data/CameraData.cs
  artifactKey: Guid(8f36f560ca2413040b7d4d898f3d710d) Importer(815301076,1909f56bfc062723c751e8b465ee728b)
Start importing Assets/Scripts/Data/CameraData.cs using Guid(8f36f560ca2413040b7d4d898f3d710d) Importer(815301076,1909f56bfc062723c751e8b465ee728b)  -> (artifact id: '92ced0738c56f8b507ffa9330f073e40') in 0.006454 seconds
  Import took 0.011343 seconds .

========================================================================
Received Import Request.
  Time since last request: 33.837871 seconds.
  path: Assets/Resources/DataAsset
  artifactKey: Guid(f1c9d4b0a034ace4496389747de8c0c5) Importer(815301076,1909f56bfc062723c751e8b465ee728b)
Start importing Assets/Resources/DataAsset using Guid(f1c9d4b0a034ace4496389747de8c0c5) Importer(815301076,1909f56bfc062723c751e8b465ee728b)  -> (artifact id: '7f65a613356d88f489fab7e80168899e') in 0.003010 seconds
  Import took 0.007629 seconds .

========================================================================
Received Import Request.
  Time since last request: 78.040909 seconds.
  path: Assets/Scripts/CustomTileMap/CustomTileMap.cs
  artifactKey: Guid(426500e7537dedd4cbb92f13c1c14f80) Importer(815301076,1909f56bfc062723c751e8b465ee728b)
Start importing Assets/Scripts/CustomTileMap/CustomTileMap.cs using Guid(426500e7537dedd4cbb92f13c1c14f80) Importer(815301076,1909f56bfc062723c751e8b465ee728b)  -> (artifact id: '7491bf21b1aa8ebb3ad287909bc8fa29') in 0.002429 seconds
  Import took 0.006924 seconds .

========================================================================
Received Import Request.
  Time since last request: 4.710675 seconds.
  path: Assets/Scripts/CustomTileMap/Editor/CustomTileMapEditor.cs
  artifactKey: Guid(dd9acbf02a907d14386f3bcef009cdc4) Importer(815301076,1909f56bfc062723c751e8b465ee728b)
Start importing Assets/Scripts/CustomTileMap/Editor/CustomTileMapEditor.cs using Guid(dd9acbf02a907d14386f3bcef009cdc4) Importer(815301076,1909f56bfc062723c751e8b465ee728b)  -> (artifact id: '8dd9da651b49bca2a4d6f1301a4a9097') in 0.002259 seconds
  Import took 0.006901 seconds .

========================================================================
Received Import Request.
  Time since last request: 0.140200 seconds.
  path: Assets/Scripts/CustomTileMap/Editor/CustomTileMapEditor.cs
  artifactKey: Guid(dd9acbf02a907d14386f3bcef009cdc4) Importer(815301076,1909f56bfc062723c751e8b465ee728b)
Start importing Assets/Scripts/CustomTileMap/Editor/CustomTileMapEditor.cs using Guid(dd9acbf02a907d14386f3bcef009cdc4) Importer(815301076,1909f56bfc062723c751e8b465ee728b)  -> (artifact id: '8dd9da651b49bca2a4d6f1301a4a9097') in 0.002060 seconds
  Import took 0.006817 seconds .

========================================================================
Received Import Request.
  Time since last request: 46.162315 seconds.
  path: Assets/Scripts/Ingame/TileBase.cs
  artifactKey: Guid(6ed03b7c81aa8414588908a6bebb07e1) Importer(815301076,1909f56bfc062723c751e8b465ee728b)
Start importing Assets/Scripts/Ingame/TileBase.cs using Guid(6ed03b7c81aa8414588908a6bebb07e1) Importer(815301076,1909f56bfc062723c751e8b465ee728b)  -> (artifact id: '68b23fb0a0eabf33546027a72e42742f') in 0.002179 seconds
  Import took 0.006898 seconds .

========================================================================
Received Import Request.
  Time since last request: 10.110561 seconds.
  path: Assets/Scripts/Util/DontDestroyObject.cs
  artifactKey: Guid(965494fcf5c30024580890b88fbe262b) Importer(815301076,1909f56bfc062723c751e8b465ee728b)
Start importing Assets/Scripts/Util/DontDestroyObject.cs using Guid(965494fcf5c30024580890b88fbe262b) Importer(815301076,1909f56bfc062723c751e8b465ee728b)  -> (artifact id: '5e4ab67db0df6c9ec06175719b1a11f2') in 0.002682 seconds
  Import took 0.007335 seconds .

========================================================================
Received Import Request.
  Time since last request: 0.757195 seconds.
  path: Assets/Scripts/Util/ObjectPool.cs
  artifactKey: Guid(7fddf2e0b9ed7544b8029004da46b009) Importer(815301076,1909f56bfc062723c751e8b465ee728b)
Start importing Assets/Scripts/Util/ObjectPool.cs using Guid(7fddf2e0b9ed7544b8029004da46b009) Importer(815301076,1909f56bfc062723c751e8b465ee728b)  -> (artifact id: 'd41f72416d9ae887e37677bd4fbe3c23') in 0.002799 seconds
  Import took 0.007275 seconds .

========================================================================
Received Prepare
Registering precompiled user dll's ...
Registered in 0.003013 seconds.
Begin MonoManager ReloadAssembly
Native extension for WindowsStandalone target not found
Refreshing native plugins compatible for Editor in 0.49 ms, found 0 plugins.
Preloading 0 native plugins for Editor in 0.00 ms.
Invoked RoslynAnalysisRunner static constructor.
RoslynAnalysisRunner will not be running.
RoslynAnalysisRunner has terminated.
Mono: successfully reloaded assembly
- Completed reload, in  1.026 seconds
Platform modules already initialized, skipping
Shader 'Universal Render Pipeline/Particles/Lit': fallback shader 'Universal Render Pipeline/Particles/SimpleLit' not found
Shader 'Universal Render Pipeline/Particles/Lit': fallback shader 'Universal Render Pipeline/Particles/SimpleLit' not found
Refreshing native plugins compatible for Editor in 0.49 ms, found 0 plugins.
Preloading 0 native plugins for Editor in 0.00 ms.
Unloading 2685 Unused Serialized files (Serialized files now loaded: 0)
System memory in use before: 135.9 MB.
System memory in use after: 133.7 MB.

Unloading 45 unused Assets to reduce memory usage. Loaded Objects now: 3295.
Total: 3.974000 ms (FindLiveObjects: 0.305100 ms CreateObjectMapping: 0.068500 ms MarkObjects: 2.147200 ms  DeleteObjects: 1.452400 ms)

========================================================================
Received Import Request.
  Time since last request: 60.276012 seconds.
  path: Assets/Resources/DataAsset/CameraData.asset
  artifactKey: Guid(3ebc24dab577d8b4488e897e39dfd5eb) Importer(815301076,1909f56bfc062723c751e8b465ee728b)
Start importing Assets/Resources/DataAsset/CameraData.asset using Guid(3ebc24dab577d8b4488e897e39dfd5eb) Importer(815301076,1909f56bfc062723c751e8b465ee728b)  -> (artifact id: 'f13d63997c5a4e72d53cfcc719dc0b34') in 0.021638 seconds
  Import took 0.027237 seconds .

AssetImportWorkerClient::OnTransportError - code=2 error=End of file
